<?xml version="1.0" encoding="UTF-8"?>
<!-- Generated by org.testng.reporters.JUnitReportReporter -->
<testsuite hostname="DESKTOP-BR99C0F" failures="0" tests="1" name="com.TestNG.Annotations1" time="0.014" errors="0" timestamp="2023-09-09T23:49:29 IST" skipped="0">
  <testcase classname="com.TestNG.Annotations1" name="applicationLaunchTest" time="0.014"/>
  <system-out/>
</testsuite> <!-- com.TestNG.Annotations1 -->
