<?xml version="1.0" encoding="UTF-8"?>
<!-- Generated by org.testng.reporters.JUnitReportReporter -->
<testsuite hostname="DESKTOP-BR99C0F" failures="0" tests="1" name="com.TimeAndDate.WebTable_CapturingFirstRowOfFirstCellCityName" time="17.214" errors="0" timestamp="2023-09-20T17:37:22 IST" skipped="0">
  <testcase classname="com.TimeAndDate.WebTable_CapturingFirstRowOfFirstCellCityName" name="capturingWebPageData" time="17.214"/>
  <system-out/>
</testsuite> <!-- com.TimeAndDate.WebTable_CapturingFirstRowOfFirstCellCityName -->
