<?xml version="1.0" encoding="UTF-8"?>
<!-- Generated by org.testng.reporters.JUnitReportReporter -->
<testsuite hostname="DESKTOP-BR99C0F" failures="0" tests="2" name="com.ScreenShotExample.CaptureScreenShotTest" time="0.517" errors="0" timestamp="2023-09-12T14:42:40 IST" skipped="0">
  <testcase classname="com.ScreenShotExample.CaptureScreenShotTest" name="capturing_screenShotTest" time="0.507"/>
  <system-out/>
  <testcase classname="com.ScreenShotExample.CaptureScreenShotTest" name="test" time="0.010"/>
  <system-out/>
</testsuite> <!-- com.ScreenShotExample.CaptureScreenShotTest -->
