<?xml version="1.0" encoding="UTF-8"?>
<!-- Generated by org.testng.reporters.JUnitReportReporter -->
<testsuite hostname="DESKTOP-BR99C0F" failures="0" tests="1" name="com.TestNG_OHRM.BaseTest" time="0.013" errors="0" timestamp="2023-09-11T17:38:16 IST" skipped="0">
  <testcase classname="com.TestNG_OHRM.BaseTest" name="test" time="0.013"/>
  <system-out/>
</testsuite> <!-- com.TestNG_OHRM.BaseTest -->
