<?xml version="1.0" encoding="UTF-8"?>
<!-- Generated by org.testng.reporters.JUnitReportReporter -->
<testsuite hostname="DESKTOP-BR99C0F" failures="0" tests="2" name="com.TimeAndDate.CapturingCityNameTexttoExcel" time="2.001" errors="0" timestamp="2023-09-12T14:54:48 IST" skipped="0">
  <testcase classname="com.TimeAndDate.CapturingCityNameTexttoExcel" name="capturingWebPageData" time="0.159"/>
  <system-out/>
  <testcase classname="com.TimeAndDate.CapturingCityNameTexttoExcel" name="capturedDatatoExcel" time="1.842"/>
  <system-out/>
</testsuite> <!-- com.TimeAndDate.CapturingCityNameTexttoExcel -->
