<?xml version="1.0" encoding="UTF-8"?>
<!-- Generated by org.testng.reporters.JUnitReportReporter -->
<testsuite hostname="DESKTOP-BR99C0F" failures="0" tests="4" name="com.TestNG_OHRM.LogInTest_OHRM" time="5.380" errors="0" timestamp="2023-09-15T18:55:26 IST" skipped="0">
  <testcase classname="com.TestNG_OHRM.LogInTest_OHRM" name="test" time="0.013"/>
  <system-out/>
  <testcase classname="com.TestNG_OHRM.LogInTest_OHRM" name="logInFunctionality_Test" time="3.667"/>
  <system-out/>
  <testcase classname="com.TestNG_OHRM.LogInTest_OHRM" name="validationOfHomePage_Test" time="0.177"/>
  <system-out/>
  <testcase classname="com.TestNG_OHRM.LogInTest_OHRM" name="logOutFunctionality_Test" time="1.523"/>
  <system-out/>
</testsuite> <!-- com.TestNG_OHRM.LogInTest_OHRM -->
