<?xml version="1.0" encoding="UTF-8"?>
<!-- Generated by org.testng.reporters.JUnitReportReporter -->
<testsuite hostname="DESKTOP-BR99C0F" failures="0" tests="1" name="com.TestNG_OHRM.LoginTest_MultiDimension_TestData" time="17.592" errors="0" timestamp="2023-09-25T17:46:54 IST" skipped="0">
  <testcase classname="com.TestNG_OHRM.LoginTest_MultiDimension_TestData" name="logIn_Test" time="17.592"/>
  <system-out/>
</testsuite> <!-- com.TestNG_OHRM.LoginTest_MultiDimension_TestData -->
