<?xml version="1.0" encoding="UTF-8"?>
<!-- Generated by org.testng.reporters.JUnitReportReporter -->
<testsuite hostname="DESKTOP-BR99C0F" failures="0" tests="1" name="com.Practice.LogInTest_Multi" time="14.837" errors="0" timestamp="2023-09-17T05:51:29 IST" skipped="0">
  <testcase classname="com.Practice.LogInTest_Multi" name="orangeHRMLoginTestExcel" time="14.837"/>
  <system-out/>
</testsuite> <!-- com.Practice.LogInTest_Multi -->
