<?xml version="1.0" encoding="UTF-8"?>
<!-- Generated by org.testng.reporters.JUnitReportReporter -->
<testsuite hostname="DESKTOP-BR99C0F" failures="0" tests="1" name="com.Practice.WebTableDynamicGettingText" time="0.095" errors="0" timestamp="2023-09-13T03:06:57 IST" skipped="0">
  <testcase classname="com.Practice.WebTableDynamicGettingText" name="webTableDynamicGettingText" time="0.095"/>
  <system-out/>
</testsuite> <!-- com.Practice.WebTableDynamicGettingText -->
