<?xml version="1.0" encoding="UTF-8"?>
<!-- Generated by org.testng.reporters.JUnitReportReporter -->
<testsuite hostname="DESKTOP-BR99C0F" failures="0" tests="1" name="com.Practice.CapturingWebTableDataToExcel" time="13.296" errors="0" timestamp="2023-09-13T02:12:43 IST" skipped="0">
  <testcase classname="com.Practice.CapturingWebTableDataToExcel" name="capturingWebTableData" time="13.296"/>
  <system-out/>
</testsuite> <!-- com.Practice.CapturingWebTableDataToExcel -->
