<?xml version="1.0" encoding="UTF-8"?>
<!-- Generated by org.testng.reporters.JUnitReportReporter -->
<testsuite hostname="DESKTOP-BR99C0F" failures="0" tests="5" name="com.OrangeHRMApplication.EmployeeListTest" time="20.285" errors="0" timestamp="2023-09-25T17:46:54 IST" skipped="0">
  <testcase classname="com.OrangeHRMApplication.EmployeeListTest" name="test" time="0.001"/>
  <system-out/>
  <testcase classname="com.OrangeHRMApplication.EmployeeListTest" name="loginTest" time="2.853"/>
  <system-out/>
  <testcase classname="com.OrangeHRMApplication.EmployeeListTest" name="pimTest" time="0.484"/>
  <system-out/>
  <testcase classname="com.OrangeHRMApplication.EmployeeListTest" name="employeeList" time="13.584"/>
  <system-out/>
  <testcase classname="com.OrangeHRMApplication.EmployeeListTest" name="logoutTest" time="3.363"/>
  <system-out/>
</testsuite> <!-- com.OrangeHRMApplication.EmployeeListTest -->
