<?xml version="1.0" encoding="UTF-8"?>
<!-- Generated by org.testng.reporters.JUnitReportReporter -->
<testsuite hostname="DESKTOP-BR99C0F" failures="0" tests="6" name="com.OrangeHRMApplication.OrangeHRMApplication_AddEmployeeTest" time="38.136" errors="0" timestamp="2023-09-25T17:46:54 IST" skipped="0">
  <testcase classname="com.OrangeHRMApplication.OrangeHRMApplication_AddEmployeeTest" name="test" time="0.001"/>
  <system-out/>
  <testcase classname="com.OrangeHRMApplication.OrangeHRMApplication_AddEmployeeTest" name="loginTest" time="3.221"/>
  <system-out/>
  <testcase classname="com.OrangeHRMApplication.OrangeHRMApplication_AddEmployeeTest" name="validatingHomePageTest" time="0.316"/>
  <system-out/>
  <testcase classname="com.OrangeHRMApplication.OrangeHRMApplication_AddEmployeeTest" name="pimTest" time="0.466"/>
  <system-out/>
  <testcase classname="com.OrangeHRMApplication.OrangeHRMApplication_AddEmployeeTest" name="addEmployeeTest" time="32.731"/>
  <system-out/>
  <testcase classname="com.OrangeHRMApplication.OrangeHRMApplication_AddEmployeeTest" name="logOutTest" time="1.401"/>
  <system-out/>
</testsuite> <!-- com.OrangeHRMApplication.OrangeHRMApplication_AddEmployeeTest -->
